<?xml version="1.0" encoding="UTF-8"?>
<testng-results skipped="0" failed="0" ignored="0" total="1" passed="1">
  <reporter-output>
  </reporter-output>
  <suite name="Default suite" duration-ms="49790" started-at="2017-04-28T16:52:17Z" finished-at="2017-04-28T16:53:06Z">
    <groups>
    </groups>
    <test name="Default test" duration-ms="49790" started-at="2017-04-28T16:52:17Z" finished-at="2017-04-28T16:53:06Z">
      <class name="pageTests.TestVendorPurchase">
        <test-method status="PASS" signature="VendorPurchase()[pri:0, instance:pageTests.TestVendorPurchase@475530b9]" name="VendorPurchase" duration-ms="49766" started-at="2017-04-28T22:22:17Z" finished-at="2017-04-28T22:23:06Z">
          <reporter-output>
          </reporter-output>
        </test-method> <!-- VendorPurchase -->
      </class> <!-- pageTests.TestVendorPurchase -->
    </test> <!-- Default test -->
  </suite> <!-- Default suite -->
</testng-results>
